{"D:\\JanNDen\\1. Active\\Telerik\\Projects\\Final Project\\stock-market-dashboard\\data\\stocks.js": {"path":"D:\\JanNDen\\1. Active\\Telerik\\Projects\\Final Project\\stock-market-dashboard\\data\\stocks.js","statementMap":{},"fnMap":{},"branchMap":{},"s":{},"f":{},"b":{},"_coverageSchema":"1a1c01bbd47fc00a2c39e90264f33305004495a9","hash":"ef750108f8c152a4ddfec46ffd72460df2c1ce9e"}
,"D:\\JanNDen\\1. Active\\Telerik\\Projects\\Final Project\\stock-market-dashboard\\src\\App.jsx": {"path":"D:\\JanNDen\\1. Active\\Telerik\\Projects\\Final Project\\stock-market-dashboard\\src\\App.jsx","statementMap":{"0":{"start":{"line":27,"column":12},"end":{"line":69,"column":1}},"1":{"start":{"line":30,"column":46},"end":{"line":30,"column":66}},"2":{"start":{"line":31,"column":2},"end":{"line":48,"column":4}},"3":{"start":{"line":33,"column":6},"end":{"line":46,"column":8}},"4":{"start":{"line":34,"column":8},"end":{"line":44,"column":9}},"5":{"start":{"line":35,"column":23},"end":{"line":40,"column":11}},"6":{"start":{"line":41,"column":10},"end":{"line":41,"column":40}},"7":{"start":{"line":43,"column":10},"end":{"line":43,"column":38}},"8":{"start":{"line":45,"column":8},"end":{"line":45,"column":33}},"9":{"start":{"line":50,"column":2},"end":{"line":68,"column":4}}},"fnMap":{"0":{"name":"App","decl":{"start":{"line":27,"column":21},"end":{"line":27,"column":24}},"loc":{"start":{"line":27,"column":27},"end":{"line":69,"column":1}},"line":27},"1":{"name":"(anonymous_1)","decl":{"start":{"line":32,"column":4},"end":{"line":32,"column":5}},"loc":{"start":{"line":33,"column":6},"end":{"line":46,"column":8}},"line":33},"2":{"name":"(anonymous_2)","decl":{"start":{"line":33,"column":31},"end":{"line":33,"column":32}},"loc":{"start":{"line":33,"column":41},"end":{"line":46,"column":7}},"line":33}},"branchMap":{"0":{"loc":{"start":{"line":34,"column":8},"end":{"line":44,"column":9}},"type":"if","locations":[{"start":{"line":34,"column":8},"end":{"line":44,"column":9}},{"start":{"line":42,"column":15},"end":{"line":44,"column":9}}],"line":34},"1":{"loc":{"start":{"line":52,"column":7},"end":{"line":66,"column":7}},"type":"binary-expr","locations":[{"start":{"line":52,"column":7},"end":{"line":52,"column":22}},{"start":{"line":53,"column":8},"end":{"line":65,"column":19}}],"line":52}},"s":{"0":1,"1":6,"2":5,"3":2,"4":2,"5":0,"6":0,"7":2,"8":2,"9":5},"f":{"0":6,"1":2,"2":2},"b":{"0":[0,2],"1":[5,2]},"_coverageSchema":"1a1c01bbd47fc00a2c39e90264f33305004495a9","hash":"d18c8b0e22519cc3eeb75c9b2349515b959167d9"}
,"D:\\JanNDen\\1. Active\\Telerik\\Projects\\Final Project\\stock-market-dashboard\\src\\firebase.js": {"path":"D:\\JanNDen\\1. Active\\Telerik\\Projects\\Final Project\\stock-market-dashboard\\src\\firebase.js","statementMap":{"0":{"start":{"line":5,"column":23},"end":{"line":12,"column":1}},"1":{"start":{"line":15,"column":20},"end":{"line":15,"column":49}},"2":{"start":{"line":17,"column":20},"end":{"line":17,"column":29}},"3":{"start":{"line":18,"column":18},"end":{"line":18,"column":32}}},"fnMap":{},"branchMap":{},"s":{"0":3,"1":3,"2":3,"3":3},"f":{},"b":{},"_coverageSchema":"1a1c01bbd47fc00a2c39e90264f33305004495a9","hash":"df83dd5896fbcd659c7e052407008c1caaf149da"}
,"D:\\JanNDen\\1. Active\\Telerik\\Projects\\Final Project\\stock-market-dashboard\\src\\store.js": {"path":"D:\\JanNDen\\1. Active\\Telerik\\Projects\\Final Project\\stock-market-dashboard\\src\\store.js","statementMap":{"0":{"start":{"line":6,"column":14},"end":{"line":14,"column":1}},"1":{"start":{"line":12,"column":15},"end":{"line":12,"column":16}}},"fnMap":{"0":{"name":"(anonymous_0)","decl":{"start":{"line":12,"column":8},"end":{"line":12,"column":9}},"loc":{"start":{"line":12,"column":15},"end":{"line":12,"column":16}},"line":12}},"branchMap":{"0":{"loc":{"start":{"line":10,"column":4},"end":{"line":12,"column":16}},"type":"cond-expr","locations":[{"start":{"line":11,"column":8},"end":{"line":11,"column":45}},{"start":{"line":12,"column":8},"end":{"line":12,"column":16}}],"line":10}},"s":{"0":3,"1":3},"f":{"0":3},"b":{"0":[0,3]},"_coverageSchema":"1a1c01bbd47fc00a2c39e90264f33305004495a9","hash":"af1fbfd7f31c6db9c6dd1193a4c41e97c0d7e9f8"}
,"D:\\JanNDen\\1. Active\\Telerik\\Projects\\Final Project\\stock-market-dashboard\\src\\actions\\chosenStockActions.js": {"path":"D:\\JanNDen\\1. Active\\Telerik\\Projects\\Final Project\\stock-market-dashboard\\src\\actions\\chosenStockActions.js","statementMap":{"0":{"start":{"line":3,"column":24},"end":{"line":6,"column":2}},"1":{"start":{"line":3,"column":42},"end":{"line":6,"column":1}}},"fnMap":{"0":{"name":"(anonymous_0)","decl":{"start":{"line":3,"column":24},"end":{"line":3,"column":25}},"loc":{"start":{"line":3,"column":42},"end":{"line":6,"column":1}},"line":3}},"branchMap":{},"s":{"0":1,"1":0},"f":{"0":0},"b":{},"_coverageSchema":"1a1c01bbd47fc00a2c39e90264f33305004495a9","hash":"c33c2d3b842bea7d8a6ef32034bbd9cfbc0a678e"}
,"D:\\JanNDen\\1. Active\\Telerik\\Projects\\Final Project\\stock-market-dashboard\\src\\actions\\stockDataActions.js": {"path":"D:\\JanNDen\\1. Active\\Telerik\\Projects\\Final Project\\stock-market-dashboard\\src\\actions\\stockDataActions.js","statementMap":{"0":{"start":{"line":3,"column":21},"end":{"line":6,"column":2}},"1":{"start":{"line":3,"column":50},"end":{"line":6,"column":1}}},"fnMap":{"0":{"name":"(anonymous_0)","decl":{"start":{"line":3,"column":21},"end":{"line":3,"column":22}},"loc":{"start":{"line":3,"column":50},"end":{"line":6,"column":1}},"line":3}},"branchMap":{},"s":{"0":1,"1":0},"f":{"0":0},"b":{},"_coverageSchema":"1a1c01bbd47fc00a2c39e90264f33305004495a9","hash":"b3acb9248bc870e5160a480b6d499a99c2acd1ca"}
,"D:\\JanNDen\\1. Active\\Telerik\\Projects\\Final Project\\stock-market-dashboard\\src\\actions\\types.js": {"path":"D:\\JanNDen\\1. Active\\Telerik\\Projects\\Final Project\\stock-market-dashboard\\src\\actions\\types.js","statementMap":{"0":{"start":{"line":1,"column":24},"end":{"line":1,"column":34}},"1":{"start":{"line":2,"column":26},"end":{"line":2,"column":38}},"2":{"start":{"line":3,"column":30},"end":{"line":3,"column":46}},"3":{"start":{"line":4,"column":30},"end":{"line":4,"column":46}}},"fnMap":{},"branchMap":{},"s":{"0":3,"1":3,"2":3,"3":3},"f":{},"b":{},"_coverageSchema":"1a1c01bbd47fc00a2c39e90264f33305004495a9","hash":"dfb7d502a030718b170c5359c152e86dccd3e473"}
,"D:\\JanNDen\\1. Active\\Telerik\\Projects\\Final Project\\stock-market-dashboard\\src\\actions\\userActions.js": {"path":"D:\\JanNDen\\1. Active\\Telerik\\Projects\\Final Project\\stock-market-dashboard\\src\\actions\\userActions.js","statementMap":{"0":{"start":{"line":15,"column":26},"end":{"line":67,"column":1}},"1":{"start":{"line":15,"column":53},"end":{"line":67,"column":1}},"2":{"start":{"line":16,"column":21},"end":{"line":19,"column":3}},"3":{"start":{"line":20,"column":2},"end":{"line":66,"column":7}},"4":{"start":{"line":22,"column":6},"end":{"line":24,"column":14}},"5":{"start":{"line":27,"column":6},"end":{"line":29,"column":14}},"6":{"start":{"line":32,"column":6},"end":{"line":35,"column":8}},"7":{"start":{"line":38,"column":6},"end":{"line":41,"column":9}},"8":{"start":{"line":42,"column":19},"end":{"line":47,"column":7}},"9":{"start":{"line":48,"column":6},"end":{"line":51,"column":9}},"10":{"start":{"line":54,"column":6},"end":{"line":59,"column":9}},"11":{"start":{"line":60,"column":6},"end":{"line":65,"column":15}},"12":{"start":{"line":61,"column":8},"end":{"line":64,"column":11}},"13":{"start":{"line":69,"column":23},"end":{"line":72,"column":2}},"14":{"start":{"line":69,"column":34},"end":{"line":72,"column":1}},"15":{"start":{"line":74,"column":25},"end":{"line":76,"column":2}},"16":{"start":{"line":74,"column":32},"end":{"line":76,"column":1}}},"fnMap":{"0":{"name":"(anonymous_0)","decl":{"start":{"line":15,"column":26},"end":{"line":15,"column":27}},"loc":{"start":{"line":15,"column":53},"end":{"line":67,"column":1}},"line":15},"1":{"name":"(anonymous_1)","decl":{"start":{"line":15,"column":53},"end":{"line":15,"column":54}},"loc":{"start":{"line":15,"column":67},"end":{"line":67,"column":1}},"line":15},"2":{"name":"(anonymous_2)","decl":{"start":{"line":21,"column":10},"end":{"line":21,"column":11}},"loc":{"start":{"line":22,"column":6},"end":{"line":24,"column":14}},"line":22},"3":{"name":"(anonymous_3)","decl":{"start":{"line":26,"column":10},"end":{"line":26,"column":11}},"loc":{"start":{"line":27,"column":6},"end":{"line":29,"column":14}},"line":27},"4":{"name":"(anonymous_4)","decl":{"start":{"line":31,"column":10},"end":{"line":31,"column":11}},"loc":{"start":{"line":32,"column":6},"end":{"line":35,"column":8}},"line":32},"5":{"name":"(anonymous_5)","decl":{"start":{"line":37,"column":10},"end":{"line":37,"column":11}},"loc":{"start":{"line":37,"column":16},"end":{"line":52,"column":5}},"line":37},"6":{"name":"(anonymous_6)","decl":{"start":{"line":53,"column":11},"end":{"line":53,"column":12}},"loc":{"start":{"line":53,"column":30},"end":{"line":66,"column":5}},"line":53},"7":{"name":"(anonymous_7)","decl":{"start":{"line":60,"column":17},"end":{"line":60,"column":18}},"loc":{"start":{"line":60,"column":23},"end":{"line":65,"column":7}},"line":60},"8":{"name":"(anonymous_8)","decl":{"start":{"line":69,"column":23},"end":{"line":69,"column":24}},"loc":{"start":{"line":69,"column":34},"end":{"line":72,"column":1}},"line":69},"9":{"name":"(anonymous_9)","decl":{"start":{"line":74,"column":25},"end":{"line":74,"column":26}},"loc":{"start":{"line":74,"column":32},"end":{"line":76,"column":1}},"line":74}},"branchMap":{"0":{"loc":{"start":{"line":22,"column":6},"end":{"line":24,"column":14}},"type":"cond-expr","locations":[{"start":{"line":23,"column":10},"end":{"line":23,"column":55}},{"start":{"line":24,"column":10},"end":{"line":24,"column":14}}],"line":22},"1":{"loc":{"start":{"line":27,"column":6},"end":{"line":29,"column":14}},"type":"cond-expr","locations":[{"start":{"line":28,"column":10},"end":{"line":28,"column":62}},{"start":{"line":29,"column":10},"end":{"line":29,"column":14}}],"line":27}},"s":{"0":1,"1":0,"2":0,"3":0,"4":0,"5":0,"6":0,"7":0,"8":0,"9":0,"10":0,"11":0,"12":0,"13":1,"14":0,"15":1,"16":2},"f":{"0":0,"1":0,"2":0,"3":0,"4":0,"5":0,"6":0,"7":0,"8":0,"9":2},"b":{"0":[0,0],"1":[0,0]},"_coverageSchema":"1a1c01bbd47fc00a2c39e90264f33305004495a9","hash":"4ce2787c67977edf91c827fc8a94497ab0d7cd4f"}
,"D:\\JanNDen\\1. Active\\Telerik\\Projects\\Final Project\\stock-market-dashboard\\src\\components\\Chart.jsx": {"path":"D:\\JanNDen\\1. Active\\Telerik\\Projects\\Final Project\\stock-market-dashboard\\src\\components\\Chart.jsx","statementMap":{"0":{"start":{"line":15,"column":20},"end":{"line":124,"column":1}},"1":{"start":{"line":16,"column":24},"end":{"line":16,"column":65}},"2":{"start":{"line":16,"column":47},"end":{"line":16,"column":64}},"3":{"start":{"line":18,"column":19},"end":{"line":18,"column":32}},"4":{"start":{"line":19,"column":29},"end":{"line":21,"column":3}},"5":{"start":{"line":20,"column":15},"end":{"line":20,"column":45}},"6":{"start":{"line":23,"column":2},"end":{"line":90,"column":32}},"7":{"start":{"line":25,"column":37},"end":{"line":25,"column":77}},"8":{"start":{"line":26,"column":33},"end":{"line":26,"column":69}},"9":{"start":{"line":29,"column":24},"end":{"line":29,"column":34}},"10":{"start":{"line":30,"column":27},"end":{"line":30,"column":75}},"11":{"start":{"line":31,"column":31},"end":{"line":33,"column":20}},"12":{"start":{"line":34,"column":4},"end":{"line":89,"column":5}},"13":{"start":{"line":38,"column":6},"end":{"line":40,"column":8}},"14":{"start":{"line":42,"column":6},"end":{"line":42,"column":45}},"15":{"start":{"line":43,"column":6},"end":{"line":88,"column":11}},"16":{"start":{"line":46,"column":23},"end":{"line":46,"column":33}},"17":{"start":{"line":48,"column":10},"end":{"line":84,"column":11}},"18":{"start":{"line":49,"column":32},"end":{"line":59,"column":13}},"19":{"start":{"line":50,"column":24},"end":{"line":58,"column":15}},"20":{"start":{"line":60,"column":32},"end":{"line":65,"column":13}},"21":{"start":{"line":61,"column":24},"end":{"line":64,"column":15}},"22":{"start":{"line":67,"column":34},"end":{"line":72,"column":13}},"23":{"start":{"line":74,"column":12},"end":{"line":74,"column":80}},"24":{"start":{"line":75,"column":12},"end":{"line":81,"column":14}},"25":{"start":{"line":83,"column":12},"end":{"line":83,"column":50}},"26":{"start":{"line":87,"column":10},"end":{"line":87,"column":47}},"27":{"start":{"line":92,"column":2},"end":{"line":123,"column":4}}},"fnMap":{"0":{"name":"StocksChart","decl":{"start":{"line":15,"column":29},"end":{"line":15,"column":40}},"loc":{"start":{"line":15,"column":43},"end":{"line":124,"column":1}},"line":15},"1":{"name":"(anonymous_1)","decl":{"start":{"line":16,"column":36},"end":{"line":16,"column":37}},"loc":{"start":{"line":16,"column":47},"end":{"line":16,"column":64}},"line":16},"2":{"name":"(anonymous_2)","decl":{"start":{"line":20,"column":4},"end":{"line":20,"column":5}},"loc":{"start":{"line":20,"column":15},"end":{"line":20,"column":45}},"line":20},"3":{"name":"(anonymous_3)","decl":{"start":{"line":23,"column":18},"end":{"line":23,"column":19}},"loc":{"start":{"line":23,"column":24},"end":{"line":90,"column":3}},"line":23},"4":{"name":"(anonymous_4)","decl":{"start":{"line":46,"column":14},"end":{"line":46,"column":15}},"loc":{"start":{"line":46,"column":23},"end":{"line":46,"column":33}},"line":46},"5":{"name":"(anonymous_5)","decl":{"start":{"line":47,"column":14},"end":{"line":47,"column":15}},"loc":{"start":{"line":47,"column":24},"end":{"line":85,"column":9}},"line":47},"6":{"name":"(anonymous_6)","decl":{"start":{"line":50,"column":14},"end":{"line":50,"column":15}},"loc":{"start":{"line":50,"column":24},"end":{"line":58,"column":15}},"line":50},"7":{"name":"(anonymous_7)","decl":{"start":{"line":61,"column":14},"end":{"line":61,"column":15}},"loc":{"start":{"line":61,"column":24},"end":{"line":64,"column":15}},"line":61},"8":{"name":"(anonymous_8)","decl":{"start":{"line":86,"column":15},"end":{"line":86,"column":16}},"loc":{"start":{"line":86,"column":26},"end":{"line":88,"column":9}},"line":86}},"branchMap":{"0":{"loc":{"start":{"line":34,"column":4},"end":{"line":89,"column":5}},"type":"if","locations":[{"start":{"line":34,"column":4},"end":{"line":89,"column":5}},{"start":{"line":41,"column":11},"end":{"line":89,"column":5}}],"line":34},"1":{"loc":{"start":{"line":48,"column":10},"end":{"line":84,"column":11}},"type":"if","locations":[{"start":{"line":48,"column":10},"end":{"line":84,"column":11}},{"start":{"line":82,"column":17},"end":{"line":84,"column":11}}],"line":48},"2":{"loc":{"start":{"line":94,"column":7},"end":{"line":116,"column":7}},"type":"binary-expr","locations":[{"start":{"line":94,"column":7},"end":{"line":94,"column":25}},{"start":{"line":95,"column":8},"end":{"line":115,"column":14}}],"line":94},"3":{"loc":{"start":{"line":117,"column":7},"end":{"line":121,"column":7}},"type":"binary-expr","locations":[{"start":{"line":117,"column":7},"end":{"line":117,"column":26}},{"start":{"line":118,"column":8},"end":{"line":120,"column":18}}],"line":117}},"s":{"0":1,"1":0,"2":0,"3":0,"4":0,"5":0,"6":0,"7":0,"8":0,"9":0,"10":0,"11":0,"12":0,"13":0,"14":0,"15":0,"16":0,"17":0,"18":0,"19":0,"20":0,"21":0,"22":0,"23":0,"24":0,"25":0,"26":0,"27":0},"f":{"0":0,"1":0,"2":0,"3":0,"4":0,"5":0,"6":0,"7":0,"8":0},"b":{"0":[0,0],"1":[0,0],"2":[0,0],"3":[0,0]},"_coverageSchema":"1a1c01bbd47fc00a2c39e90264f33305004495a9","hash":"0dc028146c6113f8735e7cdf7bd511fcbc4cd798"}
,"D:\\JanNDen\\1. Active\\Telerik\\Projects\\Final Project\\stock-market-dashboard\\src\\components\\Controls.jsx": {"path":"D:\\JanNDen\\1. Active\\Telerik\\Projects\\Final Project\\stock-market-dashboard\\src\\components\\Controls.jsx","statementMap":{"0":{"start":{"line":7,"column":17},"end":{"line":33,"column":1}},"1":{"start":{"line":8,"column":2},"end":{"line":32,"column":4}},"2":{"start":{"line":15,"column":12},"end":{"line":15,"column":35}}},"fnMap":{"0":{"name":"Controls","decl":{"start":{"line":7,"column":26},"end":{"line":7,"column":34}},"loc":{"start":{"line":7,"column":37},"end":{"line":33,"column":1}},"line":7},"1":{"name":"(anonymous_1)","decl":{"start":{"line":14,"column":20},"end":{"line":14,"column":21}},"loc":{"start":{"line":14,"column":27},"end":{"line":16,"column":11}},"line":14}},"branchMap":{},"s":{"0":1,"1":0,"2":0},"f":{"0":0,"1":0},"b":{},"_coverageSchema":"1a1c01bbd47fc00a2c39e90264f33305004495a9","hash":"4fae48021cfee00440ca3af5ae584bdda4cd2985"}
,"D:\\JanNDen\\1. Active\\Telerik\\Projects\\Final Project\\stock-market-dashboard\\src\\components\\Header.jsx": {"path":"D:\\JanNDen\\1. Active\\Telerik\\Projects\\Final Project\\stock-market-dashboard\\src\\components\\Header.jsx","statementMap":{"0":{"start":{"line":13,"column":16},"end":{"line":29,"column":1}},"1":{"start":{"line":14,"column":22},"end":{"line":14,"column":63}},"2":{"start":{"line":14,"column":45},"end":{"line":14,"column":62}},"3":{"start":{"line":15,"column":36},"end":{"line":15,"column":47}},"4":{"start":{"line":16,"column":24},"end":{"line":16,"column":42}},"5":{"start":{"line":18,"column":4},"end":{"line":18,"column":70}},"6":{"start":{"line":19,"column":2},"end":{"line":28,"column":4}},"7":{"start":{"line":31,"column":19},"end":{"line":42,"column":1}},"8":{"start":{"line":32,"column":2},"end":{"line":41,"column":4}},"9":{"start":{"line":44,"column":18},"end":{"line":48,"column":1}},"10":{"start":{"line":45,"column":22},"end":{"line":45,"column":63}},"11":{"start":{"line":45,"column":45},"end":{"line":45,"column":62}},"12":{"start":{"line":46,"column":2},"end":{"line":46,"column":43}},"13":{"start":{"line":46,"column":24},"end":{"line":46,"column":43}},"14":{"start":{"line":47,"column":2},"end":{"line":47,"column":24}},"15":{"start":{"line":50,"column":15},"end":{"line":63,"column":1}},"16":{"start":{"line":51,"column":2},"end":{"line":62,"column":4}}},"fnMap":{"0":{"name":"UserNav","decl":{"start":{"line":13,"column":25},"end":{"line":13,"column":32}},"loc":{"start":{"line":13,"column":35},"end":{"line":29,"column":1}},"line":13},"1":{"name":"(anonymous_1)","decl":{"start":{"line":14,"column":34},"end":{"line":14,"column":35}},"loc":{"start":{"line":14,"column":45},"end":{"line":14,"column":62}},"line":14},"2":{"name":"VisitorNav","decl":{"start":{"line":31,"column":28},"end":{"line":31,"column":38}},"loc":{"start":{"line":31,"column":41},"end":{"line":42,"column":1}},"line":31},"3":{"name":"HeaderNav","decl":{"start":{"line":44,"column":27},"end":{"line":44,"column":36}},"loc":{"start":{"line":44,"column":39},"end":{"line":48,"column":1}},"line":44},"4":{"name":"(anonymous_4)","decl":{"start":{"line":45,"column":34},"end":{"line":45,"column":35}},"loc":{"start":{"line":45,"column":45},"end":{"line":45,"column":62}},"line":45},"5":{"name":"Header","decl":{"start":{"line":50,"column":24},"end":{"line":50,"column":30}},"loc":{"start":{"line":50,"column":33},"end":{"line":63,"column":1}},"line":50}},"branchMap":{"0":{"loc":{"start":{"line":16,"column":24},"end":{"line":16,"column":42}},"type":"binary-expr","locations":[{"start":{"line":16,"column":24},"end":{"line":16,"column":35}},{"start":{"line":16,"column":39},"end":{"line":16,"column":42}}],"line":16},"1":{"loc":{"start":{"line":18,"column":4},"end":{"line":18,"column":70}},"type":"binary-expr","locations":[{"start":{"line":18,"column":4},"end":{"line":18,"column":12}},{"start":{"line":18,"column":16},"end":{"line":18,"column":70}}],"line":18},"2":{"loc":{"start":{"line":46,"column":2},"end":{"line":46,"column":43}},"type":"if","locations":[{"start":{"line":46,"column":2},"end":{"line":46,"column":43}},{"start":{},"end":{}}],"line":46}},"s":{"0":1,"1":0,"2":0,"3":0,"4":0,"5":0,"6":0,"7":1,"8":3,"9":1,"10":3,"11":2,"12":2,"13":0,"14":2,"15":1,"16":3},"f":{"0":0,"1":0,"2":3,"3":3,"4":2,"5":3},"b":{"0":[0,0],"1":[0,0],"2":[0,2]},"_coverageSchema":"1a1c01bbd47fc00a2c39e90264f33305004495a9","hash":"510b8e97b473e16b56a638a3b0f6bffd3219ad89"}
,"D:\\JanNDen\\1. Active\\Telerik\\Projects\\Final Project\\stock-market-dashboard\\src\\components\\ProtectedRoutes.jsx": {"path":"D:\\JanNDen\\1. Active\\Telerik\\Projects\\Final Project\\stock-market-dashboard\\src\\components\\ProtectedRoutes.jsx","statementMap":{"0":{"start":{"line":6,"column":27},"end":{"line":12,"column":1}},"1":{"start":{"line":7,"column":22},"end":{"line":7,"column":63}},"2":{"start":{"line":7,"column":45},"end":{"line":7,"column":62}},"3":{"start":{"line":8,"column":2},"end":{"line":10,"column":3}},"4":{"start":{"line":9,"column":4},"end":{"line":9,"column":37}},"5":{"start":{"line":11,"column":2},"end":{"line":11,"column":20}},"6":{"start":{"line":14,"column":30},"end":{"line":20,"column":1}},"7":{"start":{"line":15,"column":22},"end":{"line":15,"column":63}},"8":{"start":{"line":15,"column":45},"end":{"line":15,"column":62}},"9":{"start":{"line":16,"column":2},"end":{"line":18,"column":3}},"10":{"start":{"line":17,"column":4},"end":{"line":17,"column":38}},"11":{"start":{"line":19,"column":2},"end":{"line":19,"column":20}}},"fnMap":{"0":{"name":"RequireAuth","decl":{"start":{"line":6,"column":36},"end":{"line":6,"column":47}},"loc":{"start":{"line":6,"column":50},"end":{"line":12,"column":1}},"line":6},"1":{"name":"(anonymous_1)","decl":{"start":{"line":7,"column":34},"end":{"line":7,"column":35}},"loc":{"start":{"line":7,"column":45},"end":{"line":7,"column":62}},"line":7},"2":{"name":"RequireNotAuth","decl":{"start":{"line":14,"column":39},"end":{"line":14,"column":53}},"loc":{"start":{"line":14,"column":56},"end":{"line":20,"column":1}},"line":14},"3":{"name":"(anonymous_3)","decl":{"start":{"line":15,"column":34},"end":{"line":15,"column":35}},"loc":{"start":{"line":15,"column":45},"end":{"line":15,"column":62}},"line":15}},"branchMap":{"0":{"loc":{"start":{"line":8,"column":2},"end":{"line":10,"column":3}},"type":"if","locations":[{"start":{"line":8,"column":2},"end":{"line":10,"column":3}},{"start":{},"end":{}}],"line":8},"1":{"loc":{"start":{"line":16,"column":2},"end":{"line":18,"column":3}},"type":"if","locations":[{"start":{"line":16,"column":2},"end":{"line":18,"column":3}},{"start":{},"end":{}}],"line":16}},"s":{"0":1,"1":0,"2":0,"3":0,"4":0,"5":0,"6":1,"7":0,"8":0,"9":0,"10":0,"11":0},"f":{"0":0,"1":0,"2":0,"3":0},"b":{"0":[0,0],"1":[0,0]},"_coverageSchema":"1a1c01bbd47fc00a2c39e90264f33305004495a9","hash":"3a1ef32b81c73218efc4af31a869a79ee3efaf8f"}
,"D:\\JanNDen\\1. Active\\Telerik\\Projects\\Final Project\\stock-market-dashboard\\src\\components\\Table.jsx": {"path":"D:\\JanNDen\\1. Active\\Telerik\\Projects\\Final Project\\stock-market-dashboard\\src\\components\\Table.jsx","statementMap":{"0":{"start":{"line":29,"column":18},"end":{"line":35,"column":1}},"1":{"start":{"line":37,"column":14},"end":{"line":103,"column":1}},"2":{"start":{"line":38,"column":24},"end":{"line":38,"column":65}},"3":{"start":{"line":38,"column":47},"end":{"line":38,"column":64}},"4":{"start":{"line":44,"column":34},"end":{"line":46,"column":4}},"5":{"start":{"line":45,"column":20},"end":{"line":45,"column":26}},"6":{"start":{"line":49,"column":4},"end":{"line":49,"column":47}},"7":{"start":{"line":51,"column":23},"end":{"line":60,"column":3}},"8":{"start":{"line":52,"column":4},"end":{"line":59,"column":7}},"9":{"start":{"line":54,"column":8},"end":{"line":54,"column":49}},"10":{"start":{"line":54,"column":35},"end":{"line":54,"column":49}},"11":{"start":{"line":55,"column":8},"end":{"line":57,"column":10}},"12":{"start":{"line":56,"column":10},"end":{"line":56,"column":55}},"13":{"start":{"line":62,"column":19},"end":{"line":62,"column":32}},"14":{"start":{"line":64,"column":2},"end":{"line":102,"column":4}},"15":{"start":{"line":86,"column":12},"end":{"line":96,"column":23}},"16":{"start":{"line":89,"column":29},"end":{"line":89,"column":68}}},"fnMap":{"0":{"name":"Table","decl":{"start":{"line":37,"column":23},"end":{"line":37,"column":28}},"loc":{"start":{"line":37,"column":31},"end":{"line":103,"column":1}},"line":37},"1":{"name":"(anonymous_1)","decl":{"start":{"line":38,"column":36},"end":{"line":38,"column":37}},"loc":{"start":{"line":38,"column":47},"end":{"line":38,"column":64}},"line":38},"2":{"name":"(anonymous_2)","decl":{"start":{"line":45,"column":8},"end":{"line":45,"column":9}},"loc":{"start":{"line":45,"column":20},"end":{"line":45,"column":26}},"line":45},"3":{"name":"(anonymous_3)","decl":{"start":{"line":51,"column":23},"end":{"line":51,"column":24}},"loc":{"start":{"line":51,"column":30},"end":{"line":60,"column":3}},"line":51},"4":{"name":"(anonymous_4)","decl":{"start":{"line":53,"column":10},"end":{"line":53,"column":11}},"loc":{"start":{"line":53,"column":22},"end":{"line":58,"column":7}},"line":53},"5":{"name":"(anonymous_5)","decl":{"start":{"line":55,"column":29},"end":{"line":55,"column":30}},"loc":{"start":{"line":56,"column":10},"end":{"line":56,"column":55}},"line":56},"6":{"name":"(anonymous_6)","decl":{"start":{"line":85,"column":46},"end":{"line":85,"column":47}},"loc":{"start":{"line":86,"column":12},"end":{"line":96,"column":23}},"line":86},"7":{"name":"(anonymous_7)","decl":{"start":{"line":89,"column":23},"end":{"line":89,"column":24}},"loc":{"start":{"line":89,"column":29},"end":{"line":89,"column":68}},"line":89}},"branchMap":{"0":{"loc":{"start":{"line":54,"column":8},"end":{"line":54,"column":49}},"type":"if","locations":[{"start":{"line":54,"column":8},"end":{"line":54,"column":49}},{"start":{},"end":{}}],"line":54}},"s":{"0":1,"1":1,"2":0,"3":0,"4":0,"5":0,"6":0,"7":0,"8":0,"9":0,"10":0,"11":0,"12":0,"13":0,"14":0,"15":0,"16":0},"f":{"0":0,"1":0,"2":0,"3":0,"4":0,"5":0,"6":0,"7":0},"b":{"0":[0,0]},"_coverageSchema":"1a1c01bbd47fc00a2c39e90264f33305004495a9","hash":"96aba69494792e95d2d4330a74a68d4dd242c2b8"}
,"D:\\JanNDen\\1. Active\\Telerik\\Projects\\Final Project\\stock-market-dashboard\\src\\components\\chartOptions.js": {"path":"D:\\JanNDen\\1. Active\\Telerik\\Projects\\Final Project\\stock-market-dashboard\\src\\components\\chartOptions.js","statementMap":{},"fnMap":{},"branchMap":{},"s":{},"f":{},"b":{},"_coverageSchema":"1a1c01bbd47fc00a2c39e90264f33305004495a9","hash":"ddd22a67718c9173b740742d1b998098daf39eb2"}
,"D:\\JanNDen\\1. Active\\Telerik\\Projects\\Final Project\\stock-market-dashboard\\src\\hooks\\useTable.jsx": {"path":"D:\\JanNDen\\1. Active\\Telerik\\Projects\\Final Project\\stock-market-dashboard\\src\\hooks\\useTable.jsx","statementMap":{"0":{"start":{"line":14,"column":18},"end":{"line":38,"column":3}},"1":{"start":{"line":14,"column":41},"end":{"line":38,"column":1}},"2":{"start":{"line":41,"column":18},"end":{"line":41,"column":29}},"3":{"start":{"line":43,"column":16},"end":{"line":43,"column":27}},"4":{"start":{"line":44,"column":26},"end":{"line":44,"column":37}},"5":{"start":{"line":45,"column":40},"end":{"line":45,"column":61}},"6":{"start":{"line":46,"column":28},"end":{"line":46,"column":38}},"7":{"start":{"line":47,"column":32},"end":{"line":47,"column":42}},"8":{"start":{"line":49,"column":23},"end":{"line":51,"column":3}},"9":{"start":{"line":50,"column":4},"end":{"line":50,"column":61}},"10":{"start":{"line":53,"column":18},"end":{"line":86,"column":3}},"11":{"start":{"line":54,"column":30},"end":{"line":58,"column":5}},"12":{"start":{"line":55,"column":20},"end":{"line":55,"column":57}},"13":{"start":{"line":56,"column":6},"end":{"line":56,"column":39}},"14":{"start":{"line":57,"column":6},"end":{"line":57,"column":25}},"15":{"start":{"line":60,"column":4},"end":{"line":85,"column":6}},"16":{"start":{"line":64,"column":12},"end":{"line":81,"column":24}},"17":{"start":{"line":75,"column":20},"end":{"line":75,"column":51}},"18":{"start":{"line":88,"column":27},"end":{"line":90,"column":3}},"19":{"start":{"line":89,"column":4},"end":{"line":89,"column":21}},"20":{"start":{"line":92,"column":34},"end":{"line":95,"column":3}},"21":{"start":{"line":93,"column":4},"end":{"line":93,"column":53}},"22":{"start":{"line":94,"column":4},"end":{"line":94,"column":15}},"23":{"start":{"line":97,"column":24},"end":{"line":107,"column":3}},"24":{"start":{"line":98,"column":4},"end":{"line":106,"column":6}},"25":{"start":{"line":110,"column":27},"end":{"line":110,"column":64}},"26":{"start":{"line":110,"column":52},"end":{"line":110,"column":63}},"27":{"start":{"line":111,"column":4},"end":{"line":115,"column":7}},"28":{"start":{"line":112,"column":20},"end":{"line":112,"column":42}},"29":{"start":{"line":113,"column":6},"end":{"line":113,"column":36}},"30":{"start":{"line":113,"column":23},"end":{"line":113,"column":36}},"31":{"start":{"line":114,"column":6},"end":{"line":114,"column":25}},"32":{"start":{"line":116,"column":4},"end":{"line":116,"column":45}},"33":{"start":{"line":116,"column":38},"end":{"line":116,"column":43}},"34":{"start":{"line":121,"column":4},"end":{"line":123,"column":55}},"35":{"start":{"line":122,"column":18},"end":{"line":122,"column":53}},"36":{"start":{"line":123,"column":18},"end":{"line":123,"column":54}},"37":{"start":{"line":127,"column":4},"end":{"line":127,"column":38}},"38":{"start":{"line":128,"column":4},"end":{"line":128,"column":25}},"39":{"start":{"line":133,"column":4},"end":{"line":138,"column":5}},"40":{"start":{"line":134,"column":17},"end":{"line":134,"column":48}},"41":{"start":{"line":135,"column":17},"end":{"line":135,"column":48}},"42":{"start":{"line":136,"column":6},"end":{"line":136,"column":33}},"43":{"start":{"line":136,"column":23},"end":{"line":136,"column":33}},"44":{"start":{"line":137,"column":6},"end":{"line":137,"column":32}},"45":{"start":{"line":137,"column":23},"end":{"line":137,"column":32}},"46":{"start":{"line":140,"column":4},"end":{"line":142,"column":5}},"47":{"start":{"line":141,"column":6},"end":{"line":141,"column":16}},"48":{"start":{"line":143,"column":4},"end":{"line":145,"column":5}},"49":{"start":{"line":144,"column":6},"end":{"line":144,"column":15}},"50":{"start":{"line":146,"column":4},"end":{"line":146,"column":13}},"51":{"start":{"line":149,"column":39},"end":{"line":154,"column":3}},"52":{"start":{"line":150,"column":4},"end":{"line":153,"column":58}},"53":{"start":{"line":156,"column":2},"end":{"line":161,"column":4}}},"fnMap":{"0":{"name":"(anonymous_0)","decl":{"start":{"line":14,"column":29},"end":{"line":14,"column":30}},"loc":{"start":{"line":14,"column":41},"end":{"line":38,"column":1}},"line":14},"1":{"name":"useTable","decl":{"start":{"line":40,"column":24},"end":{"line":40,"column":32}},"loc":{"start":{"line":40,"column":63},"end":{"line":162,"column":1}},"line":40},"2":{"name":"(anonymous_2)","decl":{"start":{"line":49,"column":23},"end":{"line":49,"column":24}},"loc":{"start":{"line":50,"column":4},"end":{"line":50,"column":61}},"line":50},"3":{"name":"(anonymous_3)","decl":{"start":{"line":53,"column":18},"end":{"line":53,"column":19}},"loc":{"start":{"line":53,"column":29},"end":{"line":86,"column":3}},"line":53},"4":{"name":"(anonymous_4)","decl":{"start":{"line":54,"column":30},"end":{"line":54,"column":31}},"loc":{"start":{"line":54,"column":42},"end":{"line":58,"column":5}},"line":54},"5":{"name":"(anonymous_5)","decl":{"start":{"line":63,"column":25},"end":{"line":63,"column":26}},"loc":{"start":{"line":64,"column":12},"end":{"line":81,"column":24}},"line":64},"6":{"name":"(anonymous_6)","decl":{"start":{"line":74,"column":27},"end":{"line":74,"column":28}},"loc":{"start":{"line":74,"column":33},"end":{"line":76,"column":19}},"line":74},"7":{"name":"(anonymous_7)","decl":{"start":{"line":88,"column":27},"end":{"line":88,"column":28}},"loc":{"start":{"line":88,"column":47},"end":{"line":90,"column":3}},"line":88},"8":{"name":"(anonymous_8)","decl":{"start":{"line":92,"column":34},"end":{"line":92,"column":35}},"loc":{"start":{"line":92,"column":45},"end":{"line":95,"column":3}},"line":92},"9":{"name":"(anonymous_9)","decl":{"start":{"line":97,"column":24},"end":{"line":97,"column":25}},"loc":{"start":{"line":98,"column":4},"end":{"line":106,"column":6}},"line":98},"10":{"name":"stableSort","decl":{"start":{"line":109,"column":11},"end":{"line":109,"column":21}},"loc":{"start":{"line":109,"column":41},"end":{"line":117,"column":3}},"line":109},"11":{"name":"(anonymous_11)","decl":{"start":{"line":110,"column":37},"end":{"line":110,"column":38}},"loc":{"start":{"line":110,"column":52},"end":{"line":110,"column":63}},"line":110},"12":{"name":"(anonymous_12)","decl":{"start":{"line":111,"column":24},"end":{"line":111,"column":25}},"loc":{"start":{"line":111,"column":34},"end":{"line":115,"column":5}},"line":111},"13":{"name":"(anonymous_13)","decl":{"start":{"line":116,"column":30},"end":{"line":116,"column":31}},"loc":{"start":{"line":116,"column":38},"end":{"line":116,"column":43}},"line":116},"14":{"name":"getComparator","decl":{"start":{"line":120,"column":11},"end":{"line":120,"column":24}},"loc":{"start":{"line":120,"column":41},"end":{"line":124,"column":3}},"line":120},"15":{"name":"(anonymous_15)","decl":{"start":{"line":122,"column":8},"end":{"line":122,"column":9}},"loc":{"start":{"line":122,"column":18},"end":{"line":122,"column":53}},"line":122},"16":{"name":"(anonymous_16)","decl":{"start":{"line":123,"column":8},"end":{"line":123,"column":9}},"loc":{"start":{"line":123,"column":18},"end":{"line":123,"column":54}},"line":123},"17":{"name":"getDigitsFromString","decl":{"start":{"line":126,"column":11},"end":{"line":126,"column":30}},"loc":{"start":{"line":126,"column":36},"end":{"line":129,"column":3}},"line":126},"18":{"name":"descendingComparator","decl":{"start":{"line":131,"column":11},"end":{"line":131,"column":31}},"loc":{"start":{"line":131,"column":47},"end":{"line":147,"column":3}},"line":131},"19":{"name":"(anonymous_19)","decl":{"start":{"line":149,"column":39},"end":{"line":149,"column":40}},"loc":{"start":{"line":149,"column":45},"end":{"line":154,"column":3}},"line":149}},"branchMap":{"0":{"loc":{"start":{"line":55,"column":20},"end":{"line":55,"column":57}},"type":"binary-expr","locations":[{"start":{"line":55,"column":20},"end":{"line":55,"column":38}},{"start":{"line":55,"column":42},"end":{"line":55,"column":57}}],"line":55},"1":{"loc":{"start":{"line":56,"column":15},"end":{"line":56,"column":37}},"type":"cond-expr","locations":[{"start":{"line":56,"column":23},"end":{"line":56,"column":29}},{"start":{"line":56,"column":32},"end":{"line":56,"column":37}}],"line":56},"2":{"loc":{"start":{"line":66,"column":29},"end":{"line":66,"column":68}},"type":"cond-expr","locations":[{"start":{"line":66,"column":55},"end":{"line":66,"column":60}},{"start":{"line":66,"column":63},"end":{"line":66,"column":68}}],"line":66},"3":{"loc":{"start":{"line":68,"column":15},"end":{"line":80,"column":15}},"type":"cond-expr","locations":[{"start":{"line":69,"column":16},"end":{"line":69,"column":30}},{"start":{"line":71,"column":16},"end":{"line":79,"column":33}}],"line":68},"4":{"loc":{"start":{"line":73,"column":29},"end":{"line":73,"column":68}},"type":"cond-expr","locations":[{"start":{"line":73,"column":55},"end":{"line":73,"column":60}},{"start":{"line":73,"column":63},"end":{"line":73,"column":68}}],"line":73},"5":{"loc":{"start":{"line":113,"column":6},"end":{"line":113,"column":36}},"type":"if","locations":[{"start":{"line":113,"column":6},"end":{"line":113,"column":36}},{"start":{},"end":{}}],"line":113},"6":{"loc":{"start":{"line":121,"column":11},"end":{"line":123,"column":54}},"type":"cond-expr","locations":[{"start":{"line":122,"column":8},"end":{"line":122,"column":53}},{"start":{"line":123,"column":8},"end":{"line":123,"column":54}}],"line":121},"7":{"loc":{"start":{"line":133,"column":4},"end":{"line":138,"column":5}},"type":"if","locations":[{"start":{"line":133,"column":4},"end":{"line":138,"column":5}},{"start":{},"end":{}}],"line":133},"8":{"loc":{"start":{"line":133,"column":8},"end":{"line":133,"column":74}},"type":"binary-expr","locations":[{"start":{"line":133,"column":8},"end":{"line":133,"column":28}},{"start":{"line":133,"column":32},"end":{"line":133,"column":50}},{"start":{"line":133,"column":54},"end":{"line":133,"column":74}}],"line":133},"9":{"loc":{"start":{"line":136,"column":6},"end":{"line":136,"column":33}},"type":"if","locations":[{"start":{"line":136,"column":6},"end":{"line":136,"column":33}},{"start":{},"end":{}}],"line":136},"10":{"loc":{"start":{"line":137,"column":6},"end":{"line":137,"column":32}},"type":"if","locations":[{"start":{"line":137,"column":6},"end":{"line":137,"column":32}},{"start":{},"end":{}}],"line":137},"11":{"loc":{"start":{"line":140,"column":4},"end":{"line":142,"column":5}},"type":"if","locations":[{"start":{"line":140,"column":4},"end":{"line":142,"column":5}},{"start":{},"end":{}}],"line":140},"12":{"loc":{"start":{"line":143,"column":4},"end":{"line":145,"column":5}},"type":"if","locations":[{"start":{"line":143,"column":4},"end":{"line":145,"column":5}},{"start":{},"end":{}}],"line":143}},"s":{"0":1,"1":0,"2":0,"3":0,"4":0,"5":0,"6":0,"7":0,"8":0,"9":0,"10":0,"11":0,"12":0,"13":0,"14":0,"15":0,"16":0,"17":0,"18":0,"19":0,"20":0,"21":0,"22":0,"23":0,"24":0,"25":0,"26":0,"27":0,"28":0,"29":0,"30":0,"31":0,"32":0,"33":0,"34":0,"35":0,"36":0,"37":0,"38":0,"39":0,"40":0,"41":0,"42":0,"43":0,"44":0,"45":0,"46":0,"47":0,"48":0,"49":0,"50":0,"51":0,"52":0,"53":0},"f":{"0":0,"1":0,"2":0,"3":0,"4":0,"5":0,"6":0,"7":0,"8":0,"9":0,"10":0,"11":0,"12":0,"13":0,"14":0,"15":0,"16":0,"17":0,"18":0,"19":0},"b":{"0":[0,0],"1":[0,0],"2":[0,0],"3":[0,0],"4":[0,0],"5":[0,0],"6":[0,0],"7":[0,0],"8":[0,0,0],"9":[0,0],"10":[0,0],"11":[0,0],"12":[0,0]},"_coverageSchema":"1a1c01bbd47fc00a2c39e90264f33305004495a9","hash":"2c5b983f092846307636bd64e7b49fe495779aa2"}
,"D:\\JanNDen\\1. Active\\Telerik\\Projects\\Final Project\\stock-market-dashboard\\src\\pages\\Home.jsx": {"path":"D:\\JanNDen\\1. Active\\Telerik\\Projects\\Final Project\\stock-market-dashboard\\src\\pages\\Home.jsx","statementMap":{"0":{"start":{"line":14,"column":13},"end":{"line":40,"column":1}},"1":{"start":{"line":15,"column":2},"end":{"line":39,"column":4}}},"fnMap":{"0":{"name":"Home","decl":{"start":{"line":14,"column":22},"end":{"line":14,"column":26}},"loc":{"start":{"line":14,"column":29},"end":{"line":40,"column":1}},"line":14}},"branchMap":{},"s":{"0":1,"1":0},"f":{"0":0},"b":{},"_coverageSchema":"1a1c01bbd47fc00a2c39e90264f33305004495a9","hash":"710d1b70a5f775f31eb83ef125aaa7239c93e51f"}
,"D:\\JanNDen\\1. Active\\Telerik\\Projects\\Final Project\\stock-market-dashboard\\src\\pages\\LogIn.jsx": {"path":"D:\\JanNDen\\1. Active\\Telerik\\Projects\\Final Project\\stock-market-dashboard\\src\\pages\\LogIn.jsx","statementMap":{"0":{"start":{"line":17,"column":14},"end":{"line":125,"column":1}},"1":{"start":{"line":18,"column":22},"end":{"line":18,"column":63}},"2":{"start":{"line":18,"column":45},"end":{"line":18,"column":62}},"3":{"start":{"line":20,"column":34},"end":{"line":27,"column":4}},"4":{"start":{"line":29,"column":20},"end":{"line":29,"column":30}},"5":{"start":{"line":29,"column":26},"end":{"line":29,"column":30}},"6":{"start":{"line":31,"column":23},"end":{"line":35,"column":3}},"7":{"start":{"line":32,"column":22},"end":{"line":32,"column":39}},"8":{"start":{"line":33,"column":23},"end":{"line":33,"column":41}},"9":{"start":{"line":34,"column":4},"end":{"line":34,"column":58}},"10":{"start":{"line":37,"column":23},"end":{"line":66,"column":3}},"11":{"start":{"line":38,"column":4},"end":{"line":38,"column":42}},"12":{"start":{"line":38,"column":19},"end":{"line":38,"column":42}},"13":{"start":{"line":39,"column":17},"end":{"line":39,"column":36}},"14":{"start":{"line":40,"column":4},"end":{"line":40,"column":54}},"15":{"start":{"line":41,"column":4},"end":{"line":44,"column":5}},"16":{"start":{"line":42,"column":6},"end":{"line":42,"column":30}},"17":{"start":{"line":43,"column":6},"end":{"line":43,"column":18}},"18":{"start":{"line":45,"column":4},"end":{"line":45,"column":52}},"19":{"start":{"line":48,"column":4},"end":{"line":63,"column":6}},"20":{"start":{"line":50,"column":8},"end":{"line":55,"column":11}},"21":{"start":{"line":56,"column":8},"end":{"line":61,"column":17}},"22":{"start":{"line":57,"column":10},"end":{"line":60,"column":13}},"23":{"start":{"line":65,"column":4},"end":{"line":65,"column":16}},"24":{"start":{"line":67,"column":2},"end":{"line":124,"column":4}}},"fnMap":{"0":{"name":"LogIn","decl":{"start":{"line":17,"column":23},"end":{"line":17,"column":28}},"loc":{"start":{"line":17,"column":31},"end":{"line":125,"column":1}},"line":17},"1":{"name":"(anonymous_1)","decl":{"start":{"line":18,"column":34},"end":{"line":18,"column":35}},"loc":{"start":{"line":18,"column":45},"end":{"line":18,"column":62}},"line":18},"2":{"name":"(anonymous_2)","decl":{"start":{"line":29,"column":20},"end":{"line":29,"column":21}},"loc":{"start":{"line":29,"column":26},"end":{"line":29,"column":30}},"line":29},"3":{"name":"(anonymous_3)","decl":{"start":{"line":31,"column":23},"end":{"line":31,"column":24}},"loc":{"start":{"line":31,"column":34},"end":{"line":35,"column":3}},"line":31},"4":{"name":"(anonymous_4)","decl":{"start":{"line":37,"column":23},"end":{"line":37,"column":24}},"loc":{"start":{"line":37,"column":34},"end":{"line":66,"column":3}},"line":37},"5":{"name":"(anonymous_5)","decl":{"start":{"line":49,"column":6},"end":{"line":49,"column":7}},"loc":{"start":{"line":49,"column":25},"end":{"line":62,"column":7}},"line":49},"6":{"name":"(anonymous_6)","decl":{"start":{"line":56,"column":19},"end":{"line":56,"column":20}},"loc":{"start":{"line":56,"column":25},"end":{"line":61,"column":9}},"line":56}},"branchMap":{"0":{"loc":{"start":{"line":25,"column":11},"end":{"line":25,"column":34}},"type":"binary-expr","locations":[{"start":{"line":25,"column":11},"end":{"line":25,"column":28}},{"start":{"line":25,"column":32},"end":{"line":25,"column":34}}],"line":25},"1":{"loc":{"start":{"line":38,"column":4},"end":{"line":38,"column":42}},"type":"if","locations":[{"start":{"line":38,"column":4},"end":{"line":38,"column":42}},{"start":{},"end":{}}],"line":38},"2":{"loc":{"start":{"line":41,"column":4},"end":{"line":44,"column":5}},"type":"if","locations":[{"start":{"line":41,"column":4},"end":{"line":44,"column":5}},{"start":{},"end":{}}],"line":41},"3":{"loc":{"start":{"line":74,"column":15},"end":{"line":76,"column":15}},"type":"binary-expr","locations":[{"start":{"line":74,"column":15},"end":{"line":74,"column":33}},{"start":{"line":75,"column":16},"end":{"line":75,"column":68}}],"line":74},"4":{"loc":{"start":{"line":106,"column":22},"end":{"line":108,"column":46}},"type":"binary-expr","locations":[{"start":{"line":106,"column":22},"end":{"line":106,"column":42}},{"start":{"line":107,"column":22},"end":{"line":107,"column":43}},{"start":{"line":108,"column":22},"end":{"line":108,"column":46}}],"line":106}},"s":{"0":3,"1":8,"2":8,"3":8,"4":8,"5":0,"6":8,"7":4,"8":4,"9":4,"10":8,"11":0,"12":0,"13":0,"14":0,"15":0,"16":0,"17":0,"18":0,"19":0,"20":0,"21":0,"22":0,"23":0,"24":8},"f":{"0":8,"1":8,"2":0,"3":4,"4":0,"5":0,"6":0},"b":{"0":[8,8],"1":[0,0],"2":[0,0],"3":[8,0],"4":[8,8,3]},"_coverageSchema":"1a1c01bbd47fc00a2c39e90264f33305004495a9","hash":"c9b42876bdee2a5b1967ecdd8100dd8d3d8448d1"}
,"D:\\JanNDen\\1. Active\\Telerik\\Projects\\Final Project\\stock-market-dashboard\\src\\pages\\Profile.jsx": {"path":"D:\\JanNDen\\1. Active\\Telerik\\Projects\\Final Project\\stock-market-dashboard\\src\\pages\\Profile.jsx","statementMap":{"0":{"start":{"line":23,"column":16},"end":{"line":234,"column":1}},"1":{"start":{"line":24,"column":22},"end":{"line":24,"column":63}},"2":{"start":{"line":24,"column":45},"end":{"line":24,"column":62}},"3":{"start":{"line":25,"column":19},"end":{"line":25,"column":32}},"4":{"start":{"line":27,"column":34},"end":{"line":38,"column":4}},"5":{"start":{"line":40,"column":23},"end":{"line":44,"column":3}},"6":{"start":{"line":41,"column":22},"end":{"line":41,"column":39}},"7":{"start":{"line":42,"column":23},"end":{"line":42,"column":41}},"8":{"start":{"line":43,"column":4},"end":{"line":43,"column":66}},"9":{"start":{"line":43,"column":23},"end":{"line":43,"column":63}},"10":{"start":{"line":46,"column":23},"end":{"line":66,"column":3}},"11":{"start":{"line":47,"column":4},"end":{"line":47,"column":27}},"12":{"start":{"line":48,"column":17},"end":{"line":48,"column":36}},"13":{"start":{"line":49,"column":4},"end":{"line":49,"column":54}},"14":{"start":{"line":50,"column":4},"end":{"line":53,"column":5}},"15":{"start":{"line":51,"column":6},"end":{"line":51,"column":30}},"16":{"start":{"line":52,"column":6},"end":{"line":52,"column":18}},"17":{"start":{"line":54,"column":4},"end":{"line":60,"column":5}},"18":{"start":{"line":58,"column":6},"end":{"line":58,"column":76}},"19":{"start":{"line":59,"column":6},"end":{"line":59,"column":18}},"20":{"start":{"line":61,"column":4},"end":{"line":61,"column":52}},"21":{"start":{"line":63,"column":4},"end":{"line":63,"column":48}},"22":{"start":{"line":65,"column":4},"end":{"line":65,"column":16}},"23":{"start":{"line":68,"column":24},"end":{"line":70,"column":3}},"24":{"start":{"line":69,"column":4},"end":{"line":69,"column":18}},"25":{"start":{"line":73,"column":26},"end":{"line":79,"column":3}},"26":{"start":{"line":74,"column":4},"end":{"line":78,"column":5}},"27":{"start":{"line":75,"column":6},"end":{"line":75,"column":63}},"28":{"start":{"line":77,"column":6},"end":{"line":77,"column":50}},"29":{"start":{"line":80,"column":23},"end":{"line":91,"column":3}},"30":{"start":{"line":81,"column":4},"end":{"line":90,"column":5}},"31":{"start":{"line":82,"column":21},"end":{"line":82,"column":54}},"32":{"start":{"line":83,"column":22},"end":{"line":83,"column":42}},"33":{"start":{"line":84,"column":6},"end":{"line":86,"column":7}},"34":{"start":{"line":85,"column":8},"end":{"line":85,"column":30}},"35":{"start":{"line":87,"column":6},"end":{"line":87,"column":44}},"36":{"start":{"line":89,"column":6},"end":{"line":89,"column":23}},"37":{"start":{"line":92,"column":44},"end":{"line":92,"column":62}},"38":{"start":{"line":93,"column":25},"end":{"line":99,"column":3}},"39":{"start":{"line":94,"column":4},"end":{"line":98,"column":9}},"40":{"start":{"line":95,"column":18},"end":{"line":95,"column":32}},"41":{"start":{"line":97,"column":8},"end":{"line":97,"column":33}},"42":{"start":{"line":102,"column":2},"end":{"line":233,"column":4}}},"fnMap":{"0":{"name":"Profile","decl":{"start":{"line":23,"column":25},"end":{"line":23,"column":32}},"loc":{"start":{"line":23,"column":35},"end":{"line":234,"column":1}},"line":23},"1":{"name":"(anonymous_1)","decl":{"start":{"line":24,"column":34},"end":{"line":24,"column":35}},"loc":{"start":{"line":24,"column":45},"end":{"line":24,"column":62}},"line":24},"2":{"name":"(anonymous_2)","decl":{"start":{"line":40,"column":23},"end":{"line":40,"column":24}},"loc":{"start":{"line":40,"column":34},"end":{"line":44,"column":3}},"line":40},"3":{"name":"(anonymous_3)","decl":{"start":{"line":43,"column":16},"end":{"line":43,"column":17}},"loc":{"start":{"line":43,"column":23},"end":{"line":43,"column":63}},"line":43},"4":{"name":"(anonymous_4)","decl":{"start":{"line":46,"column":23},"end":{"line":46,"column":24}},"loc":{"start":{"line":46,"column":34},"end":{"line":66,"column":3}},"line":46},"5":{"name":"(anonymous_5)","decl":{"start":{"line":68,"column":24},"end":{"line":68,"column":25}},"loc":{"start":{"line":68,"column":30},"end":{"line":70,"column":3}},"line":68},"6":{"name":"(anonymous_6)","decl":{"start":{"line":73,"column":26},"end":{"line":73,"column":27}},"loc":{"start":{"line":73,"column":45},"end":{"line":79,"column":3}},"line":73},"7":{"name":"(anonymous_7)","decl":{"start":{"line":80,"column":23},"end":{"line":80,"column":24}},"loc":{"start":{"line":80,"column":35},"end":{"line":91,"column":3}},"line":80},"8":{"name":"(anonymous_8)","decl":{"start":{"line":93,"column":25},"end":{"line":93,"column":26}},"loc":{"start":{"line":93,"column":31},"end":{"line":99,"column":3}},"line":93},"9":{"name":"(anonymous_9)","decl":{"start":{"line":95,"column":12},"end":{"line":95,"column":13}},"loc":{"start":{"line":95,"column":18},"end":{"line":95,"column":32}},"line":95},"10":{"name":"(anonymous_10)","decl":{"start":{"line":96,"column":12},"end":{"line":96,"column":13}},"loc":{"start":{"line":96,"column":24},"end":{"line":98,"column":7}},"line":96}},"branchMap":{"0":{"loc":{"start":{"line":32,"column":11},"end":{"line":32,"column":34}},"type":"binary-expr","locations":[{"start":{"line":32,"column":11},"end":{"line":32,"column":28}},{"start":{"line":32,"column":32},"end":{"line":32,"column":34}}],"line":32},"1":{"loc":{"start":{"line":33,"column":17},"end":{"line":33,"column":46}},"type":"binary-expr","locations":[{"start":{"line":33,"column":17},"end":{"line":33,"column":40}},{"start":{"line":33,"column":44},"end":{"line":33,"column":46}}],"line":33},"2":{"loc":{"start":{"line":34,"column":14},"end":{"line":34,"column":40}},"type":"binary-expr","locations":[{"start":{"line":34,"column":14},"end":{"line":34,"column":34}},{"start":{"line":34,"column":38},"end":{"line":34,"column":40}}],"line":34},"3":{"loc":{"start":{"line":50,"column":4},"end":{"line":53,"column":5}},"type":"if","locations":[{"start":{"line":50,"column":4},"end":{"line":53,"column":5}},{"start":{},"end":{}}],"line":50},"4":{"loc":{"start":{"line":54,"column":4},"end":{"line":60,"column":5}},"type":"if","locations":[{"start":{"line":54,"column":4},"end":{"line":60,"column":5}},{"start":{},"end":{}}],"line":54},"5":{"loc":{"start":{"line":55,"column":6},"end":{"line":56,"column":53}},"type":"binary-expr","locations":[{"start":{"line":55,"column":7},"end":{"line":55,"column":28}},{"start":{"line":55,"column":32},"end":{"line":55,"column":53}},{"start":{"line":56,"column":6},"end":{"line":56,"column":53}}],"line":55},"6":{"loc":{"start":{"line":84,"column":6},"end":{"line":86,"column":7}},"type":"if","locations":[{"start":{"line":84,"column":6},"end":{"line":86,"column":7}},{"start":{},"end":{}}],"line":84},"7":{"loc":{"start":{"line":111,"column":15},"end":{"line":113,"column":15}},"type":"binary-expr","locations":[{"start":{"line":111,"column":15},"end":{"line":111,"column":33}},{"start":{"line":112,"column":16},"end":{"line":112,"column":68}}],"line":111},"8":{"loc":{"start":{"line":114,"column":15},"end":{"line":116,"column":15}},"type":"binary-expr","locations":[{"start":{"line":114,"column":15},"end":{"line":114,"column":35}},{"start":{"line":115,"column":16},"end":{"line":115,"column":71}}],"line":114},"9":{"loc":{"start":{"line":221,"column":19},"end":{"line":225,"column":79}},"type":"cond-expr","locations":[{"start":{"line":222,"column":22},"end":{"line":224,"column":25}},{"start":{"line":225,"column":22},"end":{"line":225,"column":79}}],"line":221}},"s":{"0":1,"1":0,"2":0,"3":0,"4":0,"5":0,"6":0,"7":0,"8":0,"9":0,"10":0,"11":0,"12":0,"13":0,"14":0,"15":0,"16":0,"17":0,"18":0,"19":0,"20":0,"21":0,"22":0,"23":0,"24":0,"25":0,"26":0,"27":0,"28":0,"29":0,"30":0,"31":0,"32":0,"33":0,"34":0,"35":0,"36":0,"37":0,"38":0,"39":0,"40":0,"41":0,"42":0},"f":{"0":0,"1":0,"2":0,"3":0,"4":0,"5":0,"6":0,"7":0,"8":0,"9":0,"10":0},"b":{"0":[0,0],"1":[0,0],"2":[0,0],"3":[0,0],"4":[0,0],"5":[0,0,0],"6":[0,0],"7":[0,0],"8":[0,0],"9":[0,0]},"_coverageSchema":"1a1c01bbd47fc00a2c39e90264f33305004495a9","hash":"4fea7edf20c6204230dbdd2e03499c4570dab338"}
,"D:\\JanNDen\\1. Active\\Telerik\\Projects\\Final Project\\stock-market-dashboard\\src\\pages\\SignUp.jsx": {"path":"D:\\JanNDen\\1. Active\\Telerik\\Projects\\Final Project\\stock-market-dashboard\\src\\pages\\SignUp.jsx","statementMap":{"0":{"start":{"line":17,"column":15},"end":{"line":133,"column":1}},"1":{"start":{"line":18,"column":22},"end":{"line":18,"column":63}},"2":{"start":{"line":18,"column":45},"end":{"line":18,"column":62}},"3":{"start":{"line":20,"column":34},"end":{"line":31,"column":4}},"4":{"start":{"line":33,"column":23},"end":{"line":37,"column":3}},"5":{"start":{"line":34,"column":22},"end":{"line":34,"column":39}},"6":{"start":{"line":35,"column":23},"end":{"line":35,"column":41}},"7":{"start":{"line":36,"column":4},"end":{"line":36,"column":66}},"8":{"start":{"line":36,"column":23},"end":{"line":36,"column":63}},"9":{"start":{"line":39,"column":23},"end":{"line":69,"column":3}},"10":{"start":{"line":40,"column":4},"end":{"line":40,"column":27}},"11":{"start":{"line":41,"column":17},"end":{"line":41,"column":36}},"12":{"start":{"line":42,"column":4},"end":{"line":42,"column":54}},"13":{"start":{"line":43,"column":4},"end":{"line":46,"column":5}},"14":{"start":{"line":44,"column":6},"end":{"line":44,"column":30}},"15":{"start":{"line":45,"column":6},"end":{"line":45,"column":18}},"16":{"start":{"line":47,"column":4},"end":{"line":47,"column":52}},"17":{"start":{"line":50,"column":4},"end":{"line":67,"column":7}},"18":{"start":{"line":55,"column":6},"end":{"line":60,"column":9}},"19":{"start":{"line":61,"column":6},"end":{"line":66,"column":15}},"20":{"start":{"line":62,"column":8},"end":{"line":65,"column":11}},"21":{"start":{"line":68,"column":4},"end":{"line":68,"column":16}},"22":{"start":{"line":70,"column":2},"end":{"line":132,"column":4}}},"fnMap":{"0":{"name":"SignUp","decl":{"start":{"line":17,"column":24},"end":{"line":17,"column":30}},"loc":{"start":{"line":17,"column":33},"end":{"line":133,"column":1}},"line":17},"1":{"name":"(anonymous_1)","decl":{"start":{"line":18,"column":34},"end":{"line":18,"column":35}},"loc":{"start":{"line":18,"column":45},"end":{"line":18,"column":62}},"line":18},"2":{"name":"(anonymous_2)","decl":{"start":{"line":33,"column":23},"end":{"line":33,"column":24}},"loc":{"start":{"line":33,"column":34},"end":{"line":37,"column":3}},"line":33},"3":{"name":"(anonymous_3)","decl":{"start":{"line":36,"column":16},"end":{"line":36,"column":17}},"loc":{"start":{"line":36,"column":23},"end":{"line":36,"column":63}},"line":36},"4":{"name":"(anonymous_4)","decl":{"start":{"line":39,"column":23},"end":{"line":39,"column":24}},"loc":{"start":{"line":39,"column":34},"end":{"line":69,"column":3}},"line":39},"5":{"name":"(anonymous_5)","decl":{"start":{"line":54,"column":12},"end":{"line":54,"column":13}},"loc":{"start":{"line":54,"column":31},"end":{"line":67,"column":5}},"line":54},"6":{"name":"(anonymous_6)","decl":{"start":{"line":61,"column":17},"end":{"line":61,"column":18}},"loc":{"start":{"line":61,"column":23},"end":{"line":66,"column":7}},"line":61}},"branchMap":{"0":{"loc":{"start":{"line":25,"column":11},"end":{"line":25,"column":34}},"type":"binary-expr","locations":[{"start":{"line":25,"column":11},"end":{"line":25,"column":28}},{"start":{"line":25,"column":32},"end":{"line":25,"column":34}}],"line":25},"1":{"loc":{"start":{"line":26,"column":17},"end":{"line":26,"column":46}},"type":"binary-expr","locations":[{"start":{"line":26,"column":17},"end":{"line":26,"column":40}},{"start":{"line":26,"column":44},"end":{"line":26,"column":46}}],"line":26},"2":{"loc":{"start":{"line":27,"column":14},"end":{"line":27,"column":40}},"type":"binary-expr","locations":[{"start":{"line":27,"column":14},"end":{"line":27,"column":34}},{"start":{"line":27,"column":38},"end":{"line":27,"column":40}}],"line":27},"3":{"loc":{"start":{"line":43,"column":4},"end":{"line":46,"column":5}},"type":"if","locations":[{"start":{"line":43,"column":4},"end":{"line":46,"column":5}},{"start":{},"end":{}}],"line":43},"4":{"loc":{"start":{"line":77,"column":15},"end":{"line":79,"column":15}},"type":"binary-expr","locations":[{"start":{"line":77,"column":15},"end":{"line":77,"column":33}},{"start":{"line":78,"column":16},"end":{"line":78,"column":68}}],"line":77},"5":{"loc":{"start":{"line":80,"column":15},"end":{"line":82,"column":15}},"type":"binary-expr","locations":[{"start":{"line":80,"column":15},"end":{"line":80,"column":35}},{"start":{"line":81,"column":16},"end":{"line":81,"column":71}}],"line":80}},"s":{"0":1,"1":0,"2":0,"3":0,"4":0,"5":0,"6":0,"7":0,"8":0,"9":0,"10":0,"11":0,"12":0,"13":0,"14":0,"15":0,"16":0,"17":0,"18":0,"19":0,"20":0,"21":0,"22":0},"f":{"0":0,"1":0,"2":0,"3":0,"4":0,"5":0,"6":0},"b":{"0":[0,0],"1":[0,0],"2":[0,0],"3":[0,0],"4":[0,0],"5":[0,0]},"_coverageSchema":"1a1c01bbd47fc00a2c39e90264f33305004495a9","hash":"c14f173f3f7b169ae278d1c2e998d9acda925e0f"}
,"D:\\JanNDen\\1. Active\\Telerik\\Projects\\Final Project\\stock-market-dashboard\\src\\reducers\\chosenStockReducer.js": {"path":"D:\\JanNDen\\1. Active\\Telerik\\Projects\\Final Project\\stock-market-dashboard\\src\\reducers\\chosenStockReducer.js","statementMap":{"0":{"start":{"line":8,"column":2},"end":{"line":13,"column":3}},"1":{"start":{"line":10,"column":6},"end":{"line":10,"column":40}},"2":{"start":{"line":12,"column":6},"end":{"line":12,"column":19}}},"fnMap":{"0":{"name":"chosenStockReducer","decl":{"start":{"line":4,"column":24},"end":{"line":4,"column":42}},"loc":{"start":{"line":7,"column":2},"end":{"line":14,"column":1}},"line":7}},"branchMap":{"0":{"loc":{"start":{"line":5,"column":2},"end":{"line":5,"column":27}},"type":"default-arg","locations":[{"start":{"line":5,"column":10},"end":{"line":5,"column":27}}],"line":5},"1":{"loc":{"start":{"line":6,"column":2},"end":{"line":6,"column":13}},"type":"default-arg","locations":[{"start":{"line":6,"column":11},"end":{"line":6,"column":13}}],"line":6},"2":{"loc":{"start":{"line":8,"column":2},"end":{"line":13,"column":3}},"type":"switch","locations":[{"start":{"line":9,"column":4},"end":{"line":10,"column":40}},{"start":{"line":11,"column":4},"end":{"line":12,"column":19}}],"line":8}},"s":{"0":11,"1":0,"2":11},"f":{"0":11},"b":{"0":[9],"1":[0],"2":[0,11]},"_coverageSchema":"1a1c01bbd47fc00a2c39e90264f33305004495a9","hash":"f123400c31949e3c65c924b8f61206c9e0d734a2"}
,"D:\\JanNDen\\1. Active\\Telerik\\Projects\\Final Project\\stock-market-dashboard\\src\\reducers\\index.js": {"path":"D:\\JanNDen\\1. Active\\Telerik\\Projects\\Final Project\\stock-market-dashboard\\src\\reducers\\index.js","statementMap":{},"fnMap":{},"branchMap":{},"s":{},"f":{},"b":{},"_coverageSchema":"1a1c01bbd47fc00a2c39e90264f33305004495a9","hash":"6f59dd0bc81342223d89557d6b3bc5c94fa3f7ac"}
,"D:\\JanNDen\\1. Active\\Telerik\\Projects\\Final Project\\stock-market-dashboard\\src\\reducers\\stockDataReducer.js": {"path":"D:\\JanNDen\\1. Active\\Telerik\\Projects\\Final Project\\stock-market-dashboard\\src\\reducers\\stockDataReducer.js","statementMap":{"0":{"start":{"line":4,"column":2},"end":{"line":12,"column":3}},"1":{"start":{"line":6,"column":6},"end":{"line":9,"column":8}},"2":{"start":{"line":11,"column":6},"end":{"line":11,"column":19}}},"fnMap":{"0":{"name":"userReducer","decl":{"start":{"line":3,"column":24},"end":{"line":3,"column":35}},"loc":{"start":{"line":3,"column":61},"end":{"line":13,"column":1}},"line":3}},"branchMap":{"0":{"loc":{"start":{"line":3,"column":36},"end":{"line":3,"column":46}},"type":"default-arg","locations":[{"start":{"line":3,"column":44},"end":{"line":3,"column":46}}],"line":3},"1":{"loc":{"start":{"line":3,"column":48},"end":{"line":3,"column":59}},"type":"default-arg","locations":[{"start":{"line":3,"column":57},"end":{"line":3,"column":59}}],"line":3},"2":{"loc":{"start":{"line":4,"column":2},"end":{"line":12,"column":3}},"type":"switch","locations":[{"start":{"line":5,"column":4},"end":{"line":9,"column":8}},{"start":{"line":10,"column":4},"end":{"line":11,"column":19}}],"line":4}},"s":{"0":11,"1":0,"2":11},"f":{"0":11},"b":{"0":[9],"1":[0],"2":[0,11]},"_coverageSchema":"1a1c01bbd47fc00a2c39e90264f33305004495a9","hash":"42b92a078d767b31d3131a7ad9f253da155ed72e"}
,"D:\\JanNDen\\1. Active\\Telerik\\Projects\\Final Project\\stock-market-dashboard\\src\\reducers\\userReducer.js": {"path":"D:\\JanNDen\\1. Active\\Telerik\\Projects\\Final Project\\stock-market-dashboard\\src\\reducers\\userReducer.js","statementMap":{"0":{"start":{"line":3,"column":21},"end":{"line":8,"column":1}},"1":{"start":{"line":11,"column":2},"end":{"line":18,"column":3}},"2":{"start":{"line":13,"column":6},"end":{"line":13,"column":28}},"3":{"start":{"line":15,"column":6},"end":{"line":15,"column":26}},"4":{"start":{"line":17,"column":6},"end":{"line":17,"column":19}}},"fnMap":{"0":{"name":"userReducer","decl":{"start":{"line":10,"column":24},"end":{"line":10,"column":35}},"loc":{"start":{"line":10,"column":71},"end":{"line":19,"column":1}},"line":10}},"branchMap":{"0":{"loc":{"start":{"line":10,"column":36},"end":{"line":10,"column":56}},"type":"default-arg","locations":[{"start":{"line":10,"column":44},"end":{"line":10,"column":56}}],"line":10},"1":{"loc":{"start":{"line":10,"column":58},"end":{"line":10,"column":69}},"type":"default-arg","locations":[{"start":{"line":10,"column":67},"end":{"line":10,"column":69}}],"line":10},"2":{"loc":{"start":{"line":11,"column":2},"end":{"line":18,"column":3}},"type":"switch","locations":[{"start":{"line":12,"column":4},"end":{"line":13,"column":28}},{"start":{"line":14,"column":4},"end":{"line":15,"column":26}},{"start":{"line":16,"column":4},"end":{"line":17,"column":19}}],"line":11}},"s":{"0":3,"1":11,"2":0,"3":2,"4":9},"f":{"0":11},"b":{"0":[9],"1":[0],"2":[0,2,9]},"_coverageSchema":"1a1c01bbd47fc00a2c39e90264f33305004495a9","hash":"b424dc5c9c7d07802980205910e17763b6a68320"}
}
